[2017-10-09 01:51:16] local.ERROR: Parse error: syntax error, unexpected ')', expecting ']' {"exception":"[object] (Symfony\\Component\\Debug\\Exception\\FatalThrowableError(code: 0): Parse error: syntax error, unexpected ')', expecting ']' at C:\\Users\\Nikolas-PC\\Desktop\\NUR\\8vo SEMESTRE\\Ing. Software III\\PokeNUR\\laravel\\RestApi-PokeNUR\outes\\web.php:21)
[stacktrace]
#0 C:\\Users\\Nikolas-PC\\Desktop\\NUR\\8vo SEMESTRE\\Ing. Software III\\PokeNUR\\laravel\\RestApi-PokeNUR\\vendor\\laravel\\framework\\src\\Illuminate\\Routing\\Router.php(336): Illuminate\\Routing\\Router->loadRoutes('C:\\\\Users\\\\Nikola...')
#1 C:\\Users\\Nikolas-PC\\Desktop\\NUR\\8vo SEMESTRE\\Ing. Software III\\PokeNUR\\laravel\\RestApi-PokeNUR\\vendor\\laravel\\framework\\src\\Illuminate\\Routing\\RouteRegistrar.php(105): Illuminate\\Routing\\Router->group(Array, 'C:\\\\Users\\\\Nikola...')
#2 C:\\Users\\Nikolas-PC\\Desktop\\NUR\\8vo SEMESTRE\\Ing. Software III\\PokeNUR\\laravel\\RestApi-PokeNUR\\app\\Providers\\RouteServiceProvider.php(56): Illuminate\\Routing\\RouteRegistrar->group('C:\\\\Users\\\\Nikola...')
#3 C:\\Users\\Nikolas-PC\\Desktop\\NUR\\8vo SEMESTRE\\Ing. Software III\\PokeNUR\\laravel\\RestApi-PokeNUR\\app\\Providers\\RouteServiceProvider.php(40): App\\Providers\\RouteServiceProvider->mapWebRoutes()
#4 [internal function]: App\\Providers\\RouteServiceProvider->map()
#5 C:\\Users\\Nikolas-PC\\Desktop\\NUR\\8vo SEMESTRE\\Ing. Software III\\PokeNUR\\laravel\\RestApi-PokeNUR\\vendor\\laravel\\framework\\src\\Illuminate\\Container\\BoundMethod.php(29): call_user_func_array(Array, Array)
#6 C:\\Users\\Nikolas-PC\\Desktop\\NUR\\8vo SEMESTRE\\Ing. Software III\\PokeNUR\\laravel\\RestApi-PokeNUR\\vendor\\laravel\\framework\\src\\Illuminate\\Container\\BoundMethod.php(87): Illuminate\\Container\\BoundMethod::Illuminate\\Container\\{closure}()
#7 C:\\Users\\Nikolas-PC\\Desktop\\NUR\\8vo SEMESTRE\\Ing. Software III\\PokeNUR\\laravel\\RestApi-PokeNUR\\vendor\\laravel\\framework\\src\\Illuminate\\Container\\BoundMethod.php(31): Illuminate\\Container\\BoundMethod::callBoundMethod(Object(Illuminate\\Foundation\\Application), Array, Object(Closure))
#8 C:\\Users\\Nikolas-PC\\Desktop\\NUR\\8vo SEMESTRE\\Ing. Software III\\PokeNUR\\laravel\\RestApi-PokeNUR\\vendor\\laravel\\framework\\src\\Illuminate\\Container\\Container.php(549): Illuminate\\Container\\BoundMethod::call(Object(Illuminate\\Foundation\\Application), Array, Array, NULL)
#9 C:\\Users\\Nikolas-PC\\Desktop\\NUR\\8vo SEMESTRE\\Ing. Software III\\PokeNUR\\laravel\\RestApi-PokeNUR\\vendor\\laravel\\framework\\src\\Illuminate\\Foundation\\Support\\Providers\\RouteServiceProvider.php(74): Illuminate\\Container\\Container->call(Array)
#10 C:\\Users\\Nikolas-PC\\Desktop\\NUR\\8vo SEMESTRE\\Ing. Software III\\PokeNUR\\laravel\\RestApi-PokeNUR\\vendor\\laravel\\framework\\src\\Illuminate\\Foundation\\Support\\Providers\\RouteServiceProvider.php(33): Illuminate\\Foundation\\Support\\Providers\\RouteServiceProvider->loadRoutes()
#11 C:\\Users\\Nikolas-PC\\Desktop\\NUR\\8vo SEMESTRE\\Ing. Software III\\PokeNUR\\laravel\\RestApi-PokeNUR\\app\\Providers\\RouteServiceProvider.php(28): Illuminate\\Foundation\\Support\\Providers\\RouteServiceProvider->boot()
#12 [internal function]: App\\Providers\\RouteServiceProvider->boot()
#13 C:\\Users\\Nikolas-PC\\Desktop\\NUR\\8vo SEMESTRE\\Ing. Software III\\PokeNUR\\laravel\\RestApi-PokeNUR\\vendor\\laravel\\framework\\src\\Illuminate\\Container\\BoundMethod.php(29): call_user_func_array(Array, Array)
#14 C:\\Users\\Nikolas-PC\\Desktop\\NUR\\8vo SEMESTRE\\Ing. Software III\\PokeNUR\\laravel\\RestApi-PokeNUR\\vendor\\laravel\\framework\\src\\Illuminate\\Container\\BoundMethod.php(87): Illuminate\\Container\\BoundMethod::Illuminate\\Container\\{closure}()
#15 C:\\Users\\Nikolas-PC\\Desktop\\NUR\\8vo SEMESTRE\\Ing. Software III\\PokeNUR\\laravel\\RestApi-PokeNUR\\vendor\\laravel\\framework\\src\\Illuminate\\Container\\BoundMethod.php(31): Illuminate\\Container\\BoundMethod::callBoundMethod(Object(Illuminate\\Foundation\\Application), Array, Object(Closure))
#16 C:\\Users\\Nikolas-PC\\Desktop\\NUR\\8vo SEMESTRE\\Ing. Software III\\PokeNUR\\laravel\\RestApi-PokeNUR\\vendor\\laravel\\framework\\src\\Illuminate\\Container\\Container.php(549): Illuminate\\Container\\BoundMethod::call(Object(Illuminate\\Foundation\\Application), Array, Array, NULL)
#17 C:\\Users\\Nikolas-PC\\Desktop\\NUR\\8vo SEMESTRE\\Ing. Software III\\PokeNUR\\laravel\\RestApi-PokeNUR\\vendor\\laravel\\framework\\src\\Illuminate\\Foundation\\Application.php(781): Illuminate\\Container\\Container->call(Array)
#18 C:\\Users\\Nikolas-PC\\Desktop\\NUR\\8vo SEMESTRE\\Ing. Software III\\PokeNUR\\laravel\\RestApi-PokeNUR\\vendor\\laravel\\framework\\src\\Illuminate\\Foundation\\Application.php(764): Illuminate\\Foundation\\Application->bootProvider(Object(App\\Providers\\RouteServiceProvider))
#19 [internal function]: Illuminate\\Foundation\\Application->Illuminate\\Foundation\\{closure}(Object(App\\Providers\\RouteServiceProvider), 19)
#20 C:\\Users\\Nikolas-PC\\Desktop\\NUR\\8vo SEMESTRE\\Ing. Software III\\PokeNUR\\laravel\\RestApi-PokeNUR\\vendor\\laravel\\framework\\src\\Illuminate\\Foundation\\Application.php(765): array_walk(Array, Object(Closure))
#21 C:\\Users\\Nikolas-PC\\Desktop\\NUR\\8vo SEMESTRE\\Ing. Software III\\PokeNUR\\laravel\\RestApi-PokeNUR\\vendor\\laravel\\framework\\src\\Illuminate\\Foundation\\Bootstrap\\BootProviders.php(17): Illuminate\\Foundation\\Application->boot()
#22 C:\\Users\\Nikolas-PC\\Desktop\\NUR\\8vo SEMESTRE\\Ing. Software III\\PokeNUR\\laravel\\RestApi-PokeNUR\\vendor\\laravel\\framework\\src\\Illuminate\\Foundation\\Application.php(213): Illuminate\\Foundation\\Bootstrap\\BootProviders->bootstrap(Object(Illuminate\\Foundation\\Application))
#23 C:\\Users\\Nikolas-PC\\Desktop\\NUR\\8vo SEMESTRE\\Ing. Software III\\PokeNUR\\laravel\\RestApi-PokeNUR\\vendor\\laravel\\framework\\src\\Illuminate\\Foundation\\Console\\Kernel.php(296): Illuminate\\Foundation\\Application->bootstrapWith(Array)
#24 C:\\Users\\Nikolas-PC\\Desktop\\NUR\\8vo SEMESTRE\\Ing. Software III\\PokeNUR\\laravel\\RestApi-PokeNUR\\vendor\\laravel\\framework\\src\\Illuminate\\Foundation\\Console\\Kernel.php(119): Illuminate\\Foundation\\Console\\Kernel->bootstrap()
#25 C:\\Users\\Nikolas-PC\\Desktop\\NUR\\8vo SEMESTRE\\Ing. Software III\\PokeNUR\\laravel\\RestApi-PokeNUR\\artisan(37): Illuminate\\Foundation\\Console\\Kernel->handle(Object(Symfony\\Component\\Console\\Input\\ArgvInput), Object(Symfony\\Component\\Console\\Output\\ConsoleOutput))
#26 {main}
"} 
[2017-10-09 01:55:42] local.ERROR: Parse error: syntax error, unexpected '=>' (T_DOUBLE_ARROW), expecting ',' or ')' {"exception":"[object] (Symfony\\Component\\Debug\\Exception\\FatalThrowableError(code: 0): Parse error: syntax error, unexpected '=>' (T_DOUBLE_ARROW), expecting ',' or ')' at C:\\Users\\Nikolas-PC\\Desktop\\NUR\\8vo SEMESTRE\\Ing. Software III\\PokeNUR\\laravel\\RestApi-PokeNUR\outes\\web.php:19)
[stacktrace]
#0 C:\\Users\\Nikolas-PC\\Desktop\\NUR\\8vo SEMESTRE\\Ing. Software III\\PokeNUR\\laravel\\RestApi-PokeNUR\\vendor\\laravel\\framework\\src\\Illuminate\\Routing\\Router.php(336): Illuminate\\Routing\\Router->loadRoutes('C:\\\\Users\\\\Nikola...')
#1 C:\\Users\\Nikolas-PC\\Desktop\\NUR\\8vo SEMESTRE\\Ing. Software III\\PokeNUR\\laravel\\RestApi-PokeNUR\\vendor\\laravel\\framework\\src\\Illuminate\\Routing\\RouteRegistrar.php(105): Illuminate\\Routing\\Router->group(Array, 'C:\\\\Users\\\\Nikola...')
#2 C:\\Users\\Nikolas-PC\\Desktop\\NUR\\8vo SEMESTRE\\Ing. Software III\\PokeNUR\\laravel\\RestApi-PokeNUR\\app\\Providers\\RouteServiceProvider.php(56): Illuminate\\Routing\\RouteRegistrar->group('C:\\\\Users\\\\Nikola...')
#3 C:\\Users\\Nikolas-PC\\Desktop\\NUR\\8vo SEMESTRE\\Ing. Software III\\PokeNUR\\laravel\\RestApi-PokeNUR\\app\\Providers\\RouteServiceProvider.php(40): App\\Providers\\RouteServiceProvider->mapWebRoutes()
#4 [internal function]: App\\Providers\\RouteServiceProvider->map()
#5 C:\\Users\\Nikolas-PC\\Desktop\\NUR\\8vo SEMESTRE\\Ing. Software III\\PokeNUR\\laravel\\RestApi-PokeNUR\\vendor\\laravel\\framework\\src\\Illuminate\\Container\\BoundMethod.php(29): call_user_func_array(Array, Array)
#6 C:\\Users\\Nikolas-PC\\Desktop\\NUR\\8vo SEMESTRE\\Ing. Software III\\PokeNUR\\laravel\\RestApi-PokeNUR\\vendor\\laravel\\framework\\src\\Illuminate\\Container\\BoundMethod.php(87): Illuminate\\Container\\BoundMethod::Illuminate\\Container\\{closure}()
#7 C:\\Users\\Nikolas-PC\\Desktop\\NUR\\8vo SEMESTRE\\Ing. Software III\\PokeNUR\\laravel\\RestApi-PokeNUR\\vendor\\laravel\\framework\\src\\Illuminate\\Container\\BoundMethod.php(31): Illuminate\\Container\\BoundMethod::callBoundMethod(Object(Illuminate\\Foundation\\Application), Array, Object(Closure))
#8 C:\\Users\\Nikolas-PC\\Desktop\\NUR\\8vo SEMESTRE\\Ing. Software III\\PokeNUR\\laravel\\RestApi-PokeNUR\\vendor\\laravel\\framework\\src\\Illuminate\\Container\\Container.php(549): Illuminate\\Container\\BoundMethod::call(Object(Illuminate\\Foundation\\Application), Array, Array, NULL)
#9 C:\\Users\\Nikolas-PC\\Desktop\\NUR\\8vo SEMESTRE\\Ing. Software III\\PokeNUR\\laravel\\RestApi-PokeNUR\\vendor\\laravel\\framework\\src\\Illuminate\\Foundation\\Support\\Providers\\RouteServiceProvider.php(74): Illuminate\\Container\\Container->call(Array)
#10 C:\\Users\\Nikolas-PC\\Desktop\\NUR\\8vo SEMESTRE\\Ing. Software III\\PokeNUR\\laravel\\RestApi-PokeNUR\\vendor\\laravel\\framework\\src\\Illuminate\\Foundation\\Support\\Providers\\RouteServiceProvider.php(33): Illuminate\\Foundation\\Support\\Providers\\RouteServiceProvider->loadRoutes()
#11 C:\\Users\\Nikolas-PC\\Desktop\\NUR\\8vo SEMESTRE\\Ing. Software III\\PokeNUR\\laravel\\RestApi-PokeNUR\\app\\Providers\\RouteServiceProvider.php(28): Illuminate\\Foundation\\Support\\Providers\\RouteServiceProvider->boot()
#12 [internal function]: App\\Providers\\RouteServiceProvider->boot()
#13 C:\\Users\\Nikolas-PC\\Desktop\\NUR\\8vo SEMESTRE\\Ing. Software III\\PokeNUR\\laravel\\RestApi-PokeNUR\\vendor\\laravel\\framework\\src\\Illuminate\\Container\\BoundMethod.php(29): call_user_func_array(Array, Array)
#14 C:\\Users\\Nikolas-PC\\Desktop\\NUR\\8vo SEMESTRE\\Ing. Software III\\PokeNUR\\laravel\\RestApi-PokeNUR\\vendor\\laravel\\framework\\src\\Illuminate\\Container\\BoundMethod.php(87): Illuminate\\Container\\BoundMethod::Illuminate\\Container\\{closure}()
#15 C:\\Users\\Nikolas-PC\\Desktop\\NUR\\8vo SEMESTRE\\Ing. Software III\\PokeNUR\\laravel\\RestApi-PokeNUR\\vendor\\laravel\\framework\\src\\Illuminate\\Container\\BoundMethod.php(31): Illuminate\\Container\\BoundMethod::callBoundMethod(Object(Illuminate\\Foundation\\Application), Array, Object(Closure))
#16 C:\\Users\\Nikolas-PC\\Desktop\\NUR\\8vo SEMESTRE\\Ing. Software III\\PokeNUR\\laravel\\RestApi-PokeNUR\\vendor\\laravel\\framework\\src\\Illuminate\\Container\\Container.php(549): Illuminate\\Container\\BoundMethod::call(Object(Illuminate\\Foundation\\Application), Array, Array, NULL)
#17 C:\\Users\\Nikolas-PC\\Desktop\\NUR\\8vo SEMESTRE\\Ing. Software III\\PokeNUR\\laravel\\RestApi-PokeNUR\\vendor\\laravel\\framework\\src\\Illuminate\\Foundation\\Application.php(781): Illuminate\\Container\\Container->call(Array)
#18 C:\\Users\\Nikolas-PC\\Desktop\\NUR\\8vo SEMESTRE\\Ing. Software III\\PokeNUR\\laravel\\RestApi-PokeNUR\\vendor\\laravel\\framework\\src\\Illuminate\\Foundation\\Application.php(764): Illuminate\\Foundation\\Application->bootProvider(Object(App\\Providers\\RouteServiceProvider))
#19 [internal function]: Illuminate\\Foundation\\Application->Illuminate\\Foundation\\{closure}(Object(App\\Providers\\RouteServiceProvider), 19)
#20 C:\\Users\\Nikolas-PC\\Desktop\\NUR\\8vo SEMESTRE\\Ing. Software III\\PokeNUR\\laravel\\RestApi-PokeNUR\\vendor\\laravel\\framework\\src\\Illuminate\\Foundation\\Application.php(765): array_walk(Array, Object(Closure))
#21 C:\\Users\\Nikolas-PC\\Desktop\\NUR\\8vo SEMESTRE\\Ing. Software III\\PokeNUR\\laravel\\RestApi-PokeNUR\\vendor\\laravel\\framework\\src\\Illuminate\\Foundation\\Bootstrap\\BootProviders.php(17): Illuminate\\Foundation\\Application->boot()
#22 C:\\Users\\Nikolas-PC\\Desktop\\NUR\\8vo SEMESTRE\\Ing. Software III\\PokeNUR\\laravel\\RestApi-PokeNUR\\vendor\\laravel\\framework\\src\\Illuminate\\Foundation\\Application.php(213): Illuminate\\Foundation\\Bootstrap\\BootProviders->bootstrap(Object(Illuminate\\Foundation\\Application))
#23 C:\\Users\\Nikolas-PC\\Desktop\\NUR\\8vo SEMESTRE\\Ing. Software III\\PokeNUR\\laravel\\RestApi-PokeNUR\\vendor\\laravel\\framework\\src\\Illuminate\\Foundation\\Console\\Kernel.php(296): Illuminate\\Foundation\\Application->bootstrapWith(Array)
#24 C:\\Users\\Nikolas-PC\\Desktop\\NUR\\8vo SEMESTRE\\Ing. Software III\\PokeNUR\\laravel\\RestApi-PokeNUR\\vendor\\laravel\\framework\\src\\Illuminate\\Foundation\\Console\\Kernel.php(119): Illuminate\\Foundation\\Console\\Kernel->bootstrap()
#25 C:\\Users\\Nikolas-PC\\Desktop\\NUR\\8vo SEMESTRE\\Ing. Software III\\PokeNUR\\laravel\\RestApi-PokeNUR\\artisan(37): Illuminate\\Foundation\\Console\\Kernel->handle(Object(Symfony\\Component\\Console\\Input\\ArgvInput), Object(Symfony\\Component\\Console\\Output\\ConsoleOutput))
#26 {main}
"} 
